  Source.cpp
C:\Program Files (x86)\Microsoft Visual Studio\2019\Community\VC\Tools\MSVC\14.27.29110\include\utility(192,16): warning C4244: 'initializing': conversion from 'double' to '_Ty1', possible loss of data
          with
          [
              _Ty1=int
          ]
C:\Users\Gabriel\Desktop\C_C++\381\Project1\Source.cpp(102): message : see reference to function template instantiation 'std::pair<int,int>::pair<double&,double,0>(_Other1,_Other2 &&) noexcept' being compiled
          with
          [
              _Other1=double &,
              _Other2=double
          ]
C:\Users\Gabriel\Desktop\C_C++\381\Project1\Source.cpp(102): message : see reference to function template instantiation 'std::pair<int,int>::pair<double&,double,0>(_Other1,_Other2 &&) noexcept' being compiled
          with
          [
              _Other1=double &,
              _Other2=double
          ]
C:\Program Files (x86)\Microsoft Visual Studio\2019\Community\VC\Tools\MSVC\14.27.29110\include\utility(192,1): warning C4244: 'initializing': conversion from '_Ty' to '_Ty2', possible loss of data
          with
          [
              _Ty=double
          ]
          and
          [
              _Ty2=int
          ]
C:\Program Files (x86)\Microsoft Visual Studio\2019\Community\VC\Tools\MSVC\14.27.29110\include\utility(192,16): warning C4244: 'initializing': conversion from '_Ty' to '_Ty1', possible loss of data
          with
          [
              _Ty=double
          ]
          and
          [
              _Ty1=int
          ]
C:\Users\Gabriel\Desktop\C_C++\381\Project1\Source.cpp(106): message : see reference to function template instantiation 'std::pair<int,int>::pair<double,double&,0>(_Other1 &&,_Other2) noexcept' being compiled
          with
          [
              _Other1=double,
              _Other2=double &
          ]
C:\Users\Gabriel\Desktop\C_C++\381\Project1\Source.cpp(106): message : see reference to function template instantiation 'std::pair<int,int>::pair<double,double&,0>(_Other1 &&,_Other2) noexcept' being compiled
          with
          [
              _Other1=double,
              _Other2=double &
          ]
C:\Program Files (x86)\Microsoft Visual Studio\2019\Community\VC\Tools\MSVC\14.27.29110\include\utility(192,1): warning C4244: 'initializing': conversion from 'double' to '_Ty2', possible loss of data
          with
          [
              _Ty2=int
          ]
  Project1.vcxproj -> C:\Users\Gabriel\Desktop\C_C++\381\Project1\Debug\Project1.exe
